C:\Program Files (x86)\MSBuild\Microsoft.Cpp\v4.0\V140\Microsoft.CppBuild.targets(936,5): warning MSB8027: Two or more files with the name of game_window.c will produce outputs to the same location. This can lead to an incorrect build result.  The files involved are hw3\game_window.c, hw4\game_window.c.
  Verify333.c
  game_window.c
z:\cse333\au2016\sweet-smash\hw4\game_window.h(4): error C2059: syntax error: 'string'
z:\cse333\au2016\sweet-smash\hw4\game_window.h(5): fatal error C1083: Cannot open include file: 'gtk/gtk.h': No such file or directory
  adaptors.c
C:\Program Files (x86)\Microsoft Visual Studio 14.0\VC\include\cstdint(18): error C2054: expected '(' to follow 'using'
C:\Program Files (x86)\Microsoft Visual Studio 14.0\VC\include\cstdint(18): error C2061: syntax error: identifier 'using'
C:\Program Files (x86)\Microsoft Visual Studio 14.0\VC\include\cstdint(19): error C2054: expected '(' to follow 'using'
C:\Program Files (x86)\Microsoft Visual Studio 14.0\VC\include\cstdint(19): error C2061: syntax error: identifier 'using'
C:\Program Files (x86)\Microsoft Visual Studio 14.0\VC\include\cstdint(20): error C2054: expected '(' to follow 'using'
C:\Program Files (x86)\Microsoft Visual Studio 14.0\VC\include\cstdint(20): error C2061: syntax error: identifier 'using'
C:\Program Files (x86)\Microsoft Visual Studio 14.0\VC\include\cstdint(21): error C2054: expected '(' to follow 'using'
C:\Program Files (x86)\Microsoft Visual Studio 14.0\VC\include\cstdint(21): error C2061: syntax error: identifier 'using'
C:\Program Files (x86)\Microsoft Visual Studio 14.0\VC\include\cstdint(23): error C2054: expected '(' to follow 'using'
C:\Program Files (x86)\Microsoft Visual Studio 14.0\VC\include\cstdint(23): error C2061: syntax error: identifier 'using'
C:\Program Files (x86)\Microsoft Visual Studio 14.0\VC\include\cstdint(24): error C2054: expected '(' to follow 'using'
C:\Program Files (x86)\Microsoft Visual Studio 14.0\VC\include\cstdint(24): error C2061: syntax error: identifier 'using'
C:\Program Files (x86)\Microsoft Visual Studio 14.0\VC\include\cstdint(25): error C2054: expected '(' to follow 'using'
C:\Program Files (x86)\Microsoft Visual Studio 14.0\VC\include\cstdint(25): error C2061: syntax error: identifier 'using'
C:\Program Files (x86)\Microsoft Visual Studio 14.0\VC\include\cstdint(26): error C2054: expected '(' to follow 'using'
C:\Program Files (x86)\Microsoft Visual Studio 14.0\VC\include\cstdint(26): error C2061: syntax error: identifier 'using'
C:\Program Files (x86)\Microsoft Visual Studio 14.0\VC\include\cstdint(28): error C2054: expected '(' to follow 'using'
C:\Program Files (x86)\Microsoft Visual Studio 14.0\VC\include\cstdint(28): error C2061: syntax error: identifier 'using'
C:\Program Files (x86)\Microsoft Visual Studio 14.0\VC\include\cstdint(29): error C2054: expected '(' to follow 'using'
C:\Program Files (x86)\Microsoft Visual Studio 14.0\VC\include\cstdint(29): error C2061: syntax error: identifier 'using'
C:\Program Files (x86)\Microsoft Visual Studio 14.0\VC\include\cstdint(30): error C2054: expected '(' to follow 'using'
C:\Program Files (x86)\Microsoft Visual Studio 14.0\VC\include\cstdint(30): error C2061: syntax error: identifier 'using'
C:\Program Files (x86)\Microsoft Visual Studio 14.0\VC\include\cstdint(31): error C2054: expected '(' to follow 'using'
C:\Program Files (x86)\Microsoft Visual Studio 14.0\VC\include\cstdint(31): error C2061: syntax error: identifier 'using'
C:\Program Files (x86)\Microsoft Visual Studio 14.0\VC\include\cstdint(33): error C2054: expected '(' to follow 'using'
C:\Program Files (x86)\Microsoft Visual Studio 14.0\VC\include\cstdint(33): error C2061: syntax error: identifier 'using'
C:\Program Files (x86)\Microsoft Visual Studio 14.0\VC\include\cstdint(34): error C2054: expected '(' to follow 'using'
C:\Program Files (x86)\Microsoft Visual Studio 14.0\VC\include\cstdint(34): error C2061: syntax error: identifier 'using'
C:\Program Files (x86)\Microsoft Visual Studio 14.0\VC\include\cstdint(37): error C2061: syntax error: identifier 'tr1'
C:\Program Files (x86)\Microsoft Visual Studio 14.0\VC\include\cstdint(37): error C2059: syntax error: ';'
C:\Program Files (x86)\Microsoft Visual Studio 14.0\VC\include\cstdint(37): error C2449: found '{' at file scope (missing function header?)
C:\Program Files (x86)\Microsoft Visual Studio 14.0\VC\include\cstdint(55): error C2059: syntax error: '}'
C:\Program Files (x86)\Microsoft Visual Studio 14.0\VC\include\cstdlib(18): error C2054: expected '(' to follow 'using'
C:\Program Files (x86)\Microsoft Visual Studio 14.0\VC\include\cstdlib(18): error C2061: syntax error: identifier 'using'
C:\Program Files (x86)\Microsoft Visual Studio 14.0\VC\include\cstdlib(19): error C2061: syntax error: identifier 'using'
C:\Program Files (x86)\Microsoft Visual Studio 14.0\VC\include\cstdlib(19): error C2061: syntax error: identifier 'abs'
C:\Program Files (x86)\Microsoft Visual Studio 14.0\VC\include\cstdlib(19): error C2059: syntax error: ';'
C:\Program Files (x86)\Microsoft Visual Studio 14.0\VC\include\cstdlib(19): error C2061: syntax error: identifier 'atexit'
C:\Program Files (x86)\Microsoft Visual Studio 14.0\VC\include\cstdlib(20): error C2061: syntax error: identifier 'atof'
C:\Program Files (x86)\Microsoft Visual Studio 14.0\VC\include\cstdlib(20): error C2059: syntax error: ';'
C:\Program Files (x86)\Microsoft Visual Studio 14.0\VC\include\cstdlib(20): error C2061: syntax error: identifier 'atoi'
C:\Program Files (x86)\Microsoft Visual Studio 14.0\VC\include\cstdlib(20): error C2061: syntax error: identifier 'atol'
C:\Program Files (x86)\Microsoft Visual Studio 14.0\VC\include\cstdlib(21): error C2061: syntax error: identifier 'bsearch'
C:\Program Files (x86)\Microsoft Visual Studio 14.0\VC\include\cstdlib(21): error C2059: syntax error: ';'
C:\Program Files (x86)\Microsoft Visual Studio 14.0\VC\include\cstdlib(21): error C2061: syntax error: identifier 'calloc'
C:\Program Files (x86)\Microsoft Visual Studio 14.0\VC\include\cstdlib(21): error C2061: syntax error: identifier 'div'
C:\Program Files (x86)\Microsoft Visual Studio 14.0\VC\include\cstdlib(22): error C2061: syntax error: identifier 'exit'
C:\Program Files (x86)\Microsoft Visual Studio 14.0\VC\include\cstdlib(22): error C2059: syntax error: ';'
C:\Program Files (x86)\Microsoft Visual Studio 14.0\VC\include\cstdlib(22): error C2061: syntax error: identifier 'free'
C:\Program Files (x86)\Microsoft Visual Studio 14.0\VC\include\cstdlib(23): error C2061: syntax error: identifier 'labs'
C:\Program Files (x86)\Microsoft Visual Studio 14.0\VC\include\cstdlib(23): error C2059: syntax error: ';'
C:\Program Files (x86)\Microsoft Visual Studio 14.0\VC\include\cstdlib(23): error C2061: syntax error: identifier 'ldiv'
C:\Program Files (x86)\Microsoft Visual Studio 14.0\VC\include\cstdlib(23): error C2061: syntax error: identifier 'malloc'
C:\Program Files (x86)\Microsoft Visual Studio 14.0\VC\include\cstdlib(24): error C2061: syntax error: identifier 'mblen'
C:\Program Files (x86)\Microsoft Visual Studio 14.0\VC\include\cstdlib(24): error C2059: syntax error: ';'
C:\Program Files (x86)\Microsoft Visual Studio 14.0\VC\include\cstdlib(24): error C2061: syntax error: identifier 'mbstowcs'
C:\Program Files (x86)\Microsoft Visual Studio 14.0\VC\include\cstdlib(24): error C2061: syntax error: identifier 'mbtowc'
C:\Program Files (x86)\Microsoft Visual Studio 14.0\VC\include\cstdlib(25): error C2061: syntax error: identifier 'qsort'
C:\Program Files (x86)\Microsoft Visual Studio 14.0\VC\include\cstdlib(25): error C2059: syntax error: ';'
C:\Program Files (x86)\Microsoft Visual Studio 14.0\VC\include\cstdlib(25): error C2061: syntax error: identifier 'rand'
C:\Program Files (x86)\Microsoft Visual Studio 14.0\VC\include\cstdlib(25): error C2061: syntax error: identifier 'realloc'
C:\Program Files (x86)\Microsoft Visual Studio 14.0\VC\include\cstdlib(26): error C2061: syntax error: identifier 'srand'
C:\Program Files (x86)\Microsoft Visual Studio 14.0\VC\include\cstdlib(26): error C2059: syntax error: ';'
C:\Program Files (x86)\Microsoft Visual Studio 14.0\VC\include\cstdlib(26): error C2061: syntax error: identifier 'strtod'
C:\Program Files (x86)\Microsoft Visual Studio 14.0\VC\include\cstdlib(26): error C2061: syntax error: identifier 'strtol'
C:\Program Files (x86)\Microsoft Visual Studio 14.0\VC\include\cstdlib(27): error C2061: syntax error: identifier 'strtoul'
C:\Program Files (x86)\Microsoft Visual Studio 14.0\VC\include\cstdlib(27): error C2059: syntax error: ';'
C:\Program Files (x86)\Microsoft Visual Studio 14.0\VC\include\cstdlib(28): error C2061: syntax error: identifier 'wcstombs'
C:\Program Files (x86)\Microsoft Visual Studio 14.0\VC\include\cstdlib(28): error C2059: syntax error: ';'
C:\Program Files (x86)\Microsoft Visual Studio 14.0\VC\include\cstdlib(28): error C2061: syntax error: identifier 'wctomb'
C:\Program Files (x86)\Microsoft Visual Studio 14.0\VC\include\cstdlib(30): error C2054: expected '(' to follow 'using'
C:\Program Files (x86)\Microsoft Visual Studio 14.0\VC\include\cstdlib(33): error C2061: syntax error: identifier 'using'
C:\Program Files (x86)\Microsoft Visual Studio 14.0\VC\include\cstdlib(34): error C2061: syntax error: identifier 'system'
C:\Program Files (x86)\Microsoft Visual Studio 14.0\VC\include\cstdlib(34): error C2059: syntax error: ';'
C:\Program Files (x86)\Microsoft Visual Studio 14.0\VC\include\cstdlib(37): error C2061: syntax error: identifier 'atoll'
C:\Program Files (x86)\Microsoft Visual Studio 14.0\VC\include\cstdlib(37): error C2059: syntax error: ';'
C:\Program Files (x86)\Microsoft Visual Studio 14.0\VC\include\cstdlib(37): error C2061: syntax error: identifier 'llabs'
C:\Program Files (x86)\Microsoft Visual Studio 14.0\VC\include\cstdlib(37): error C2061: syntax error: identifier 'lldiv'
C:\Program Files (x86)\Microsoft Visual Studio 14.0\VC\include\cstdlib(38): error C2061: syntax error: identifier 'strtof'
C:\Program Files (x86)\Microsoft Visual Studio 14.0\VC\include\cstdlib(38): error C2059: syntax error: ';'
C:\Program Files (x86)\Microsoft Visual Studio 14.0\VC\include\cstdlib(38): error C2061: syntax error: identifier 'strtold'
C:\Program Files (x86)\Microsoft Visual Studio 14.0\VC\include\cstdlib(39): error C2061: syntax error: identifier 'strtoll'
C:\Program Files (x86)\Microsoft Visual Studio 14.0\VC\include\cstdlib(39): error C2059: syntax error: ';'
C:\Program Files (x86)\Microsoft Visual Studio 14.0\VC\include\cstdlib(39): error C2061: syntax error: identifier 'strtoull'
C:\Program Files (x86)\Microsoft Visual Studio 14.0\VC\include\cstdlib(41): error C2061: syntax error: identifier '_Exit'
C:\Program Files (x86)\Microsoft Visual Studio 14.0\VC\include\cstdlib(41): error C2059: syntax error: ';'
C:\Program Files (x86)\Microsoft Visual Studio 14.0\VC\include\cstdlib(41): error C2061: syntax error: identifier 'at_quick_exit'
C:\Program Files (x86)\Microsoft Visual Studio 14.0\VC\include\cstdlib(41): error C2061: syntax error: identifier 'quick_exit'
C:\Program Files (x86)\Microsoft Visual Studio 14.0\VC\include\cmath(17): error C2061: syntax error: identifier 'noexcept'
C:\Program Files (x86)\Microsoft Visual Studio 14.0\VC\include\cmath(17): error C2059: syntax error: ';'
C:\Program Files (x86)\Microsoft Visual Studio 14.0\VC\include\cmath(18): error C2449: found '{' at file scope (missing function header?)
C:\Program Files (x86)\Microsoft Visual Studio 14.0\VC\include\cmath(20): error C2059: syntax error: '}'
C:\Program Files (x86)\Microsoft Visual Studio 14.0\VC\include\cmath(30): error C2061: syntax error: identifier 'noexcept'
C:\Program Files (x86)\Microsoft Visual Studio 14.0\VC\include\cmath(30): error C2059: syntax error: ';'
C:\Program Files (x86)\Microsoft Visual Studio 14.0\VC\include\cmath(31): error C2449: found '{' at file scope (missing function header?)
C:\Program Files (x86)\Microsoft Visual Studio 14.0\VC\include\cmath(33): error C2059: syntax error: '}'
C:\Program Files (x86)\Microsoft Visual Studio 14.0\VC\include\cmath(40): error C2061: syntax error: identifier 'noexcept'
C:\Program Files (x86)\Microsoft Visual Studio 14.0\VC\include\cmath(40): error C2059: syntax error: ';'
C:\Program Files (x86)\Microsoft Visual Studio 14.0\VC\include\cmath(41): error C2449: found '{' at file scope (missing function header?)
C:\Program Files (x86)\Microsoft Visual Studio 14.0\VC\include\cmath(43): error C2059: syntax error: '}'
C:\Program Files (x86)\Microsoft Visual Studio 14.0\VC\include\cmath(50): error C2061: syntax error: identifier 'noexcept'
C:\Program Files (x86)\Microsoft Visual Studio 14.0\VC\include\cmath(50): fatal error C1003: error count exceeds 100; stopping compilation
  test.c
hw3\test.c(1): fatal error C1083: Cannot open include file: 'gtk/gtk.h': No such file or directory
  model.c
z:\cse333\au2016\sweet-smash\hw3\model.h(4): fatal error C1083: Cannot open include file: 'jansson.h': No such file or directory
  game_window.c
z:\cse333\au2016\sweet-smash\hw3\game_window.h(4): fatal error C1083: Cannot open include file: 'gtk/gtk.h': No such file or directory
  array2d.c
hw2\array2d.c(5): fatal error C1083: Cannot open include file: 'jansson.h': No such file or directory
  Generating Code...
